Using default tag: latest
The push refers to repository [194722398485.dkr.ecr.us-east-1.amazonaws.com/jax]
db862269e04a: Preparing
53dab08f0cbb: Preparing
a8506ef4b3f3: Preparing
51e9d7cfb2c8: Preparing
1f43572dca3f: Preparing
1907f40cac5e: Preparing
ad72c40e61de: Preparing
42a1eac71b3e: Preparing
7ce2fad02131: Preparing
b0b6fb389dcd: Preparing
97ba3e19566e: Preparing
43c8be47e72f: Preparing
ed86b0c86008: Preparing
e486f2b32877: Preparing
654131fc5778: Preparing
12264a81d35b: Preparing
db150399a917: Preparing
bc993627a116: Preparing
50667af9335b: Preparing
4c441877886f: Preparing
85fbea35378e: Preparing
ef3e0a844506: Preparing
724d42326300: Preparing
d1211ecd6946: Preparing
5f70bf18a086: Preparing
44f6bf9587f8: Preparing
522f6b74ad9c: Preparing
bfc994dfe072: Preparing
b08343167958: Preparing
08a431204a2d: Preparing
cc6385a0d6b2: Preparing
eec0ab78ce90: Preparing
fa06a10da7aa: Preparing
a15c0f321901: Preparing
513ebcdc8121: Preparing
b9faf3f2af46: Preparing
d405992af4e7: Preparing
51ec2d797e3d: Preparing
34b9cb54a305: Preparing
ef241421ab9e: Preparing
60014d549d53: Preparing
9b16b1e4ce03: Preparing
78aa4e158ed4: Preparing
87c37a4c47c4: Preparing
5f70bf18a086: Preparing
a3ffc7890a6d: Preparing
0d3e7ea332d1: Preparing
ae21e49070b5: Preparing
900a96d1989d: Preparing
c058c8b73bf5: Preparing
928353029b08: Preparing
6cb39396104e: Preparing
dba6edd06f1a: Preparing
8cc9291fdd4e: Preparing
9018758162cf: Preparing
ef4d96a71723: Preparing
3511ce1c6f37: Preparing
b824e16efa1b: Preparing
7435756d72dc: Preparing
1907f40cac5e: Waiting
ad72c40e61de: Waiting
42a1eac71b3e: Waiting
7ce2fad02131: Waiting
b0b6fb389dcd: Waiting
879ac05aa761: Preparing
5f70bf18a086: Preparing
1bd3bb08af54: Preparing
1b9b7346fee7: Preparing
43c8be47e72f: Waiting
ed86b0c86008: Waiting
e486f2b32877: Waiting
654131fc5778: Waiting
12264a81d35b: Waiting
db150399a917: Waiting
bc993627a116: Waiting
50667af9335b: Waiting
4c441877886f: Waiting
85fbea35378e: Waiting
ef3e0a844506: Waiting
724d42326300: Waiting
d1211ecd6946: Waiting
5f70bf18a086: Waiting
44f6bf9587f8: Waiting
522f6b74ad9c: Waiting
bfc994dfe072: Waiting
b08343167958: Waiting
08a431204a2d: Waiting
cc6385a0d6b2: Waiting
eec0ab78ce90: Waiting
fa06a10da7aa: Waiting
a15c0f321901: Waiting
513ebcdc8121: Waiting
b9faf3f2af46: Waiting
d405992af4e7: Waiting
51ec2d797e3d: Waiting
34b9cb54a305: Waiting
ef241421ab9e: Waiting
9b16b1e4ce03: Waiting
78aa4e158ed4: Waiting
87c37a4c47c4: Waiting
a3ffc7890a6d: Waiting
0d3e7ea332d1: Waiting
ae21e49070b5: Waiting
900a96d1989d: Waiting
c058c8b73bf5: Waiting
928353029b08: Waiting
6cb39396104e: Waiting
dba6edd06f1a: Waiting
8cc9291fdd4e: Waiting
9018758162cf: Waiting
ef4d96a71723: Waiting
b824e16efa1b: Waiting
7435756d72dc: Waiting
97ba3e19566e: Waiting
879ac05aa761: Waiting
1bd3bb08af54: Waiting
1b9b7346fee7: Waiting
60014d549d53: Waiting
3511ce1c6f37: Waiting
1f43572dca3f: Layer already exists
51e9d7cfb2c8: Layer already exists
a8506ef4b3f3: Layer already exists
db862269e04a: Layer already exists
53dab08f0cbb: Layer already exists
1907f40cac5e: Layer already exists
42a1eac71b3e: Layer already exists
ad72c40e61de: Layer already exists
7ce2fad02131: Layer already exists
b0b6fb389dcd: Layer already exists
97ba3e19566e: Layer already exists
ed86b0c86008: Layer already exists
654131fc5778: Layer already exists
e486f2b32877: Layer already exists
43c8be47e72f: Layer already exists
12264a81d35b: Layer already exists
bc993627a116: Layer already exists
db150399a917: Layer already exists
50667af9335b: Layer already exists
4c441877886f: Layer already exists
85fbea35378e: Layer already exists
ef3e0a844506: Layer already exists
5f70bf18a086: Layer already exists
d1211ecd6946: Layer already exists
724d42326300: Layer already exists
44f6bf9587f8: Layer already exists
08a431204a2d: Layer already exists
bfc994dfe072: Layer already exists
b08343167958: Layer already exists
522f6b74ad9c: Layer already exists
fa06a10da7aa: Layer already exists
eec0ab78ce90: Layer already exists
cc6385a0d6b2: Layer already exists
513ebcdc8121: Layer already exists
a15c0f321901: Layer already exists
b9faf3f2af46: Layer already exists
d405992af4e7: Layer already exists
51ec2d797e3d: Layer already exists
9b16b1e4ce03: Layer already exists
34b9cb54a305: Layer already exists
ef241421ab9e: Layer already exists
60014d549d53: Layer already exists
0d3e7ea332d1: Layer already exists
a3ffc7890a6d: Layer already exists
87c37a4c47c4: Layer already exists
ae21e49070b5: Layer already exists
900a96d1989d: Layer already exists
928353029b08: Layer already exists
6cb39396104e: Layer already exists
c058c8b73bf5: Layer already exists
dba6edd06f1a: Layer already exists
8cc9291fdd4e: Layer already exists
ef4d96a71723: Layer already exists
9018758162cf: Layer already exists
7435756d72dc: Layer already exists
3511ce1c6f37: Layer already exists
879ac05aa761: Layer already exists
1bd3bb08af54: Layer already exists
1b9b7346fee7: Layer already exists
unexpected EOF
